--------------
insert into dados.Bolsa (idBolsa, mnemonico, nome, URL) values (  1, "CBOT", "Chicago Board of Trade", "http://www.cmegroup.com/company/cbot.html")
--------------

Query OK, 1 row affected (0.00 sec)

--------------
insert into dados.Bolsa (idBolsa, mnemonico, nome, URL) values (  2, "CME", "Chicago Mercantile Exchange", "http://www.cmegroup.com")
--------------

Query OK, 1 row affected (0.00 sec)

--------------
insert into dados.Bolsa (idBolsa, mnemonico, nome, URL) values (  3, "NYMEX", "New York Mercantile Exchange", "http://www.cmegroup.com/company/nymex.html")
--------------

Query OK, 1 row affected (0.00 sec)

--------------
insert into dados.Bolsa (idBolsa, mnemonico, nome, URL) values (  4, "COMEX", "Commodity Exchange", "http://www.cmegroup.com/company/comex.html")
--------------

Query OK, 1 row affected (0.00 sec)

--------------
insert into dados.Bolsa (idBolsa, mnemonico, nome, URL) values (  5, "ICE", "Intercontinental Exchange", "https://www.theice.com")
--------------

Query OK, 1 row affected (0.00 sec)

--------------
insert into dados.Bolsa (idBolsa, mnemonico, nome, URL) values (  6, "BVMF", "BM&FBovespa", "http://www.bmfbovespa.com.br/home.aspx")
--------------

Query OK, 1 row affected (0.00 sec)

--------------
insert into dados.Bolsa (idBolsa, mnemonico, nome, URL) values (  7, "EURONEXT", "Euronext", "http://derivatives.euronext.com/en")
--------------

Query OK, 1 row affected (0.01 sec)

--------------
insert into dados.Bolsa (idBolsa, mnemonico, nome, URL) values (  8, "LME", "London Metal Exchange", "http://www.lme.com")
--------------

Query OK, 1 row affected (0.00 sec)

--------------
insert into dados.Bolsa (idBolsa, mnemonico, nome, URL) values (  9, "TOCOM", "Tokyo Commodity Exchange", "http://www.tocom.or.jp")
--------------

Query OK, 1 row affected (0.00 sec)

--------------
insert into dados.Bolsa (idBolsa, mnemonico, nome, URL) values ( 10, "SICOM", "Singapore Commodity Exchange", "http://www.sgx.com")
--------------

Query OK, 1 row affected (0.00 sec)

--------------
insert into dados.Bolsa (idBolsa, mnemonico, nome, URL) values ( 11, "HKE", "Hong Kong Exchange", "http://www.hkex.com.hk/eng/index.htm")
--------------

Query OK, 1 row affected (0.00 sec)

--------------
insert into dados.Bolsa (idBolsa, mnemonico, nome, URL) values ( 12, "MCX", "Multi Commodity Exchange of India", "http://www.mcxindia.com")
--------------

Query OK, 1 row affected (0.00 sec)

--------------
insert into dados.Bolsa (idBolsa, mnemonico, nome, URL) values ( 13, "NCDEX", "National Commodity & Derivatives Exchange", "http://www.ncdex.com")
--------------

Query OK, 1 row affected (0.00 sec)

--------------
insert into dados.Bolsa (idBolsa, mnemonico, nome, URL) values ( 14, "AFET", "Agricultural Futures Exchange of Thailand", "http://www.afet.or.th/v081/english/")
--------------

Query OK, 1 row affected (0.00 sec)

--------------
insert into dados.Bolsa (idBolsa, mnemonico, nome, URL) values ( 15, "ASX", "Australian Securities Exchange", "http://www.asx.com.au")
--------------

Query OK, 1 row affected (0.00 sec)

--------------
insert into dados.Bolsa (idBolsa, mnemonico, nome, URL) values ( 16, "SAFEX", "SAFEX Agricultural Derivatives", "http://www.jse.co.za/Markets/Commodity-Derivatives-Market.aspx")
--------------

Query OK, 1 row affected (0.00 sec)

--------------
insert into dados.Bolsa (idBolsa, mnemonico, nome, URL) values ( 17, "KRX", "Korea Exchange", "https://eng.krx.co.kr")
--------------

Query OK, 1 row affected (0.00 sec)

--------------
insert into dados.Bolsa (idBolsa, mnemonico, nome, URL) values ( 18, "CBMX", "China Beijing International Mining Exchange", "http://en.cbmx.com.cn")
--------------

Query OK, 1 row affected (0.00 sec)

--------------
insert into dados.Bolsa (idBolsa, mnemonico, nome, URL) values ( 19, "LBMA", "London Bullion Market Association", "http://www.lbma.org.uk/pages/index.cfm")
--------------

Query OK, 1 row affected (0.00 sec)

--------------
insert into dados.Bolsa (idBolsa, mnemonico, nome, URL) values ( 20, "KCBT", "Kansas City Board of Trade", "http://www.cmegroup.com/company/kcbt.html")
--------------

Query OK, 1 row affected (0.00 sec)

--------------
insert into dados.Bolsa (idBolsa, mnemonico, nome, URL) values ( 21, "MGEX", "Minneapolis Grain Exchange", "http://www.mgex.com")
--------------

Query OK, 1 row affected (0.00 sec)

Bye
