--------------
insert into dados.Categoria (idCategoria, nome, pai, raiz, dimensoes, densidade, unidade_preco_default, unidade_volume, nome_en) values (1,'Commodities',NULL,1,NULL,NULL,NULL,NULL,'Commodities')
--------------

Query OK, 1 row affected (0.00 sec)

--------------
insert into dados.Categoria (idCategoria, nome, pai, raiz, dimensoes, densidade, unidade_preco_default, unidade_volume, nome_en) values (2,'Agro',1,1,NULL,NULL,NULL,NULL,'Agriculture')
--------------

Query OK, 1 row affected (0.00 sec)

--------------
insert into dados.Categoria (idCategoria, nome, pai, raiz, dimensoes, densidade, unidade_preco_default, unidade_volume, nome_en) values (3,'Açúcar',2,1,'M',NULL,5,5,'Sugar')
--------------

Query OK, 1 row affected (0.00 sec)

--------------
insert into dados.Categoria (idCategoria, nome, pai, raiz, dimensoes, densidade, unidade_preco_default, unidade_volume, nome_en) values (8,'Arroz',2,1,'M',NULL,5,5,'Rice')
--------------

Query OK, 1 row affected (0.00 sec)

--------------
insert into dados.Categoria (idCategoria, nome, pai, raiz, dimensoes, densidade, unidade_preco_default, unidade_volume, nome_en) values (9,'Aveia',2,1,'MV',489.13027,5,5,'Oats')
--------------

Query OK, 1 row affected (0.00 sec)

Bye
