--------------
insert into dados.ConversaoUnidade (origem, destino, fator_multi) values (  2,  1,  0.001)
--------------

Query OK, 1 row affected (0.00 sec)

--------------
insert into dados.ConversaoUnidade (origem, destino, fator_multi) values (  1,  2,  1000)
--------------

Query OK, 1 row affected (0.00 sec)

--------------
insert into dados.ConversaoUnidade (origem, destino, fator_multi) values (  3,  1,  0.45359237)
--------------

Query OK, 1 row affected (0.00 sec)

--------------
insert into dados.ConversaoUnidade (origem, destino, fator_multi) values (  1,  3,  2.20462262)
--------------

Query OK, 1 row affected (0.00 sec)

--------------
insert into dados.ConversaoUnidade (origem, destino, fator_multi) values (  4,  1,  0.0311034768)
--------------

Query OK, 1 row affected (0.00 sec)

--------------
insert into dados.ConversaoUnidade (origem, destino, fator_multi) values (  1,  4,  32.150746569)
--------------

Query OK, 1 row affected (0.00 sec)

--------------
insert into dados.ConversaoUnidade (origem, destino, fator_multi) values (  5,  1,  1000)
--------------

Query OK, 1 row affected (0.00 sec)

--------------
insert into dados.ConversaoUnidade (origem, destino, fator_multi) values (  1,  5,  0.001)
--------------

Query OK, 1 row affected (0.00 sec)

--------------
insert into dados.ConversaoUnidade (origem, destino, fator_multi) values (  6,  1,  907.1847)
--------------

Query OK, 1 row affected (0.00 sec)

--------------
insert into dados.ConversaoUnidade (origem, destino, fator_multi) values (  1,  6,  0.001102311)
--------------

Query OK, 1 row affected (0.00 sec)

--------------
insert into dados.ConversaoUnidade (origem, destino, fator_multi) values (  7,  1,  1016.047)
--------------

Query OK, 1 row affected (0.00 sec)

--------------
insert into dados.ConversaoUnidade (origem, destino, fator_multi) values (  1,  7,  0.000984206)
--------------

Query OK, 1 row affected (0.00 sec)

--------------
insert into dados.ConversaoUnidade (origem, destino, fator_multi) values (  8,  1,  1000)
--------------

Query OK, 1 row affected (0.00 sec)

--------------
insert into dados.ConversaoUnidade (origem, destino, fator_multi) values (  1,  8,  0.001)
--------------

Query OK, 1 row affected (0.00 sec)

--------------
insert into dados.ConversaoUnidade (origem, destino, fator_multi) values (  9,  1,  45.359237)
--------------

Query OK, 1 row affected (0.00 sec)

--------------
insert into dados.ConversaoUnidade (origem, destino, fator_multi) values (  1,  9,  0.022046226)
--------------

Query OK, 1 row affected (0.00 sec)

--------------
insert into dados.ConversaoUnidade (origem, destino, fator_multi) values ( 11, 10,  0.001)
--------------

Query OK, 1 row affected (0.00 sec)

--------------
insert into dados.ConversaoUnidade (origem, destino, fator_multi) values ( 10, 11,  1000)
--------------

Query OK, 1 row affected (0.00 sec)

--------------
insert into dados.ConversaoUnidade (origem, destino, fator_multi) values ( 12, 10,  0.003785411784)
--------------

Query OK, 1 row affected (0.00 sec)

--------------
insert into dados.ConversaoUnidade (origem, destino, fator_multi) values ( 10, 12,  264.172052358)
--------------

Query OK, 1 row affected (0.01 sec)

--------------
insert into dados.ConversaoUnidade (origem, destino, fator_multi) values ( 13, 10,  0.03523907)
--------------

Query OK, 1 row affected (0.00 sec)

--------------
insert into dados.ConversaoUnidade (origem, destino, fator_multi) values ( 10, 13,  28.3775934)
--------------

Query OK, 1 row affected (0.00 sec)

--------------
insert into dados.ConversaoUnidade (origem, destino, fator_multi) values ( 14, 10,  0.15898729)
--------------

Query OK, 1 row affected (0.00 sec)

--------------
insert into dados.ConversaoUnidade (origem, destino, fator_multi) values ( 10, 14,  6.2898108)
--------------

Query OK, 1 row affected (0.00 sec)

--------------
insert into dados.ConversaoUnidade (origem, destino, fator_multi) values ( 15, 10,  0.00235973722)
--------------

Query OK, 1 row affected (0.00 sec)

--------------
insert into dados.ConversaoUnidade (origem, destino, fator_multi) values ( 10, 15,  423.7759999)
--------------

Query OK, 1 row affected (0.00 sec)

--------------
insert into dados.ConversaoUnidade (origem, destino, fator_multi) values ( 16, 17,  0.000001)
--------------

Query OK, 1 row affected (0.00 sec)

--------------
insert into dados.ConversaoUnidade (origem, destino, fator_multi) values ( 17, 16,  1000000)
--------------

Query OK, 1 row affected (0.00 sec)

--------------
insert into dados.ConversaoUnidade (origem, destino, fator_multi) values ( 18, 1,  60)
--------------

Query OK, 1 row affected (0.00 sec)

--------------
insert into dados.ConversaoUnidade (origem, destino, fator_multi) values ( 1, 18,  0.016666667)
--------------

Query OK, 1 row affected (0.00 sec)

--------------
insert into dados.ConversaoUnidade (origem, destino, fator_multi) values ( 19, 1,  100)
--------------

Query OK, 1 row affected (0.00 sec)

--------------
insert into dados.ConversaoUnidade (origem, destino, fator_multi) values ( 1, 19,  0.01)
--------------

Query OK, 1 row affected (0.00 sec)

--------------
insert into dados.ConversaoUnidade (origem, destino, fator_multi) values ( 20, 1,  10)
--------------

Query OK, 1 row affected (0.00 sec)

--------------
insert into dados.ConversaoUnidade (origem, destino, fator_multi) values ( 1, 20,  01)
--------------

Query OK, 1 row affected (0.00 sec)

--------------
insert into dados.ConversaoUnidade (origem, destino, fator_multi) values ( 21, 1,  50)
--------------

Query OK, 1 row affected (0.00 sec)

--------------
insert into dados.ConversaoUnidade (origem, destino, fator_multi) values ( 1, 21,  0.02)
--------------

Query OK, 1 row affected (0.00 sec)

--------------
insert into dados.ConversaoUnidade (origem, destino, fator_multi) values ( 22, 1,  170)
--------------

Query OK, 1 row affected (0.00 sec)

--------------
insert into dados.ConversaoUnidade (origem, destino, fator_multi) values ( 1, 22,  0.005882353)
--------------

Query OK, 1 row affected (0.00 sec)

--------------
insert into dados.ConversaoUnidade (origem, destino, fator_multi) values ( 23, 1,  15)
--------------

Query OK, 1 row affected (0.00 sec)

--------------
insert into dados.ConversaoUnidade (origem, destino, fator_multi) values ( 1, 23,  0.066666667)
--------------

Query OK, 1 row affected (0.00 sec)

--------------
insert into dados.ConversaoUnidade (origem, destino, fator_multi) values ( 24, 1,  0.01)
--------------

Query OK, 1 row affected (0.00 sec)

--------------
insert into dados.ConversaoUnidade (origem, destino, fator_multi) values ( 1, 24,  100)
--------------

Query OK, 1 row affected (0.00 sec)

--------------
insert into dados.ConversaoUnidade (origem, destino, fator_multi) values ( 25, 1,  30)
--------------

Query OK, 1 row affected (0.00 sec)

--------------
insert into dados.ConversaoUnidade (origem, destino, fator_multi) values ( 1, 25,  0.033333333)
--------------

Query OK, 1 row affected (0.00 sec)

--------------
insert into dados.ConversaoUnidade (origem, destino, fator_multi) values ( 26, 1,  20)
--------------

Query OK, 1 row affected (0.00 sec)

--------------
insert into dados.ConversaoUnidade (origem, destino, fator_multi) values ( 1, 26,  0.05)
--------------

Query OK, 1 row affected (0.00 sec)

--------------
insert into dados.ConversaoUnidade (origem, destino, fator_multi) values ( 27, 1,  40)
--------------

Query OK, 1 row affected (0.00 sec)

--------------
insert into dados.ConversaoUnidade (origem, destino, fator_multi) values ( 1, 27,  0.025)
--------------

Query OK, 1 row affected (0.00 sec)

--------------
insert into dados.ConversaoUnidade (origem, destino, fator_multi) values ( 28, 1,  0.1)
--------------

Query OK, 1 row affected (0.00 sec)

--------------
insert into dados.ConversaoUnidade (origem, destino, fator_multi) values ( 1, 28,  10)
--------------

Query OK, 1 row affected (0.01 sec)

--------------
insert into dados.ConversaoUnidade (origem, destino, fator_multi) values ( 29,  1,  0.008)
--------------

Query OK, 1 row affected (0.00 sec)

--------------
insert into dados.ConversaoUnidade (origem, destino, fator_multi) values (  1, 29,  125)
--------------

Query OK, 1 row affected (0.00 sec)

Bye
