--------------
SET @OLD_UNIQUE_CHECKS=@@UNIQUE_CHECKS, UNIQUE_CHECKS=0
--------------

Query OK, 0 rows affected (0.00 sec)

--------------
SET @OLD_FOREIGN_KEY_CHECKS=@@FOREIGN_KEY_CHECKS, FOREIGN_KEY_CHECKS=0
--------------

Query OK, 0 rows affected (0.00 sec)

--------------
SET @OLD_SQL_MODE=@@SQL_MODE, SQL_MODE='TRADITIONAL'
--------------

Query OK, 0 rows affected (0.00 sec)

--------------
DROP SCHEMA IF EXISTS `texto`
--------------

Query OK, 2 rows affected (0.00 sec)

--------------
CREATE SCHEMA IF NOT EXISTS `texto` default character set utf8 COLLATE utf8_unicode_ci
--------------

Query OK, 1 row affected (0.00 sec)

--------------
CREATE  TABLE IF NOT EXISTS `texto`.`Cadernos` (
  `id` TINYINT NOT NULL ,
  `nome` VARCHAR(45) NOT NULL ,
  PRIMARY KEY (`id`) )
ENGINE = InnoDB
--------------

Query OK, 0 rows affected (0.01 sec)

--------------
CREATE  TABLE IF NOT EXISTS `texto`.`Artigos` (
  `id` INT NOT NULL AUTO_INCREMENT ,
  `cadernos_id` TINYINT NOT NULL ,
  `data` DATE NOT NULL ,
  `nome` VARCHAR(128) NOT NULL ,
  `url` VARCHAR(256) NULL ,
  `sinopse` VARCHAR(512) NULL ,
  PRIMARY KEY (`id`) ,
  CONSTRAINT `fk_Artigos_Cadernos`
    FOREIGN KEY (`cadernos_id` )
    REFERENCES `texto`.`Cadernos` (`id` )
    ON DELETE NO ACTION
    ON UPDATE NO ACTION)
ENGINE = InnoDB
--------------

Query OK, 0 rows affected (0.01 sec)

--------------
CREATE INDEX `idx_Artigos_data` ON `texto`.`Artigos` (`data` ASC)
--------------

Query OK, 0 rows affected (0.00 sec)
Records: 0  Duplicates: 0  Warnings: 0

--------------
SET SQL_MODE=@OLD_SQL_MODE
--------------

Query OK, 0 rows affected (0.00 sec)

--------------
SET FOREIGN_KEY_CHECKS=@OLD_FOREIGN_KEY_CHECKS
--------------

Query OK, 0 rows affected (0.00 sec)

--------------
SET UNIQUE_CHECKS=@OLD_UNIQUE_CHECKS
--------------

Query OK, 0 rows affected (0.00 sec)

Bye
